<?xml version="1.0" encoding="UTF-8"?>
<!-- Generated by org.testng.reporters.JUnitReportReporter -->
<testsuite hostname="DESKTOP-KF5GCE4" failures="0" tests="5" name="testCases.TC_003_LoginValidation" time="62.817" errors="0" timestamp="2024-03-20T09:37:14 EDT" skipped="0">
  <testcase classname="testCases.TC_003_LoginValidation" name="loginValidation" time="13.798"/>
  <testcase classname="testCases.TC_003_LoginValidation" name="loginValidation" time="14.233"/>
  <testcase classname="testCases.TC_003_LoginValidation" name="loginValidation" time="13.981"/>
  <testcase classname="testCases.TC_003_LoginValidation" name="loginValidation" time="6.996"/>
  <testcase classname="testCases.TC_003_LoginValidation" name="loginValidation" time="13.809"/>
</testsuite> <!-- testCases.TC_003_LoginValidation -->
