<?xml version="1.0" encoding="UTF-8"?>
<!-- Generated by org.testng.reporters.JUnitReportReporter -->
<testsuite hostname="DESKTOP-KF5GCE4" failures="0" tests="3" name="testCases.TC_002_BISLogin" time="11.977" errors="0" timestamp="2024-03-19T14:28:28 EDT" skipped="0">
  <testcase classname="testCases.TC_002_BISLogin" name="login" time="4.193"/>
  <testcase classname="testCases.TC_002_BISLogin" name="verifyHomepage" time="5.099"/>
  <testcase classname="testCases.TC_002_BISLogin" name="logout" time="2.685"/>
</testsuite> <!-- testCases.TC_002_BISLogin -->
