<?xml version="1.0" encoding="UTF-8"?>
<!-- Generated by org.testng.reporters.JUnitReportReporter -->
<testsuite hostname="DESKTOP-KF5GCE4" failures="0" tests="5" name="testCases.TC_003_LoginValidation" time="63.573" errors="0" timestamp="2024-03-19T16:15:08 EDT" skipped="0">
  <testcase classname="testCases.TC_003_LoginValidation" name="loginValidation" time="7.540"/>
  <testcase classname="testCases.TC_003_LoginValidation" name="loginValidation" time="13.859"/>
  <testcase classname="testCases.TC_003_LoginValidation" name="loginValidation" time="13.966"/>
  <testcase classname="testCases.TC_003_LoginValidation" name="loginValidation" time="14.246"/>
  <testcase classname="testCases.TC_003_LoginValidation" name="loginValidation" time="13.962"/>
</testsuite> <!-- testCases.TC_003_LoginValidation -->
