<?xml version="1.0" encoding="UTF-8"?>
<!-- Generated by org.testng.reporters.JUnitReportReporter -->
<testsuite hostname="DESKTOP-KF5GCE4" failures="0" tests="3" name="testCases.TC_002_BISLogin" time="12.109" errors="0" timestamp="2024-03-19T16:15:08 EDT" skipped="0">
  <testcase classname="testCases.TC_002_BISLogin" name="login" time="4.407"/>
  <testcase classname="testCases.TC_002_BISLogin" name="verifyHomepage" time="5.068"/>
  <testcase classname="testCases.TC_002_BISLogin" name="logout" time="2.634"/>
</testsuite> <!-- testCases.TC_002_BISLogin -->
